\BOOKMARK [1][-]{section.1}{A linguagem}{}% 1
\BOOKMARK [2][-]{subsection.1.1}{Tipos}{section.1}% 2
\BOOKMARK [3][-]{subsubsection.1.1.1}{integer}{subsection.1.1}% 3
\BOOKMARK [3][-]{subsubsection.1.1.2}{number}{subsection.1.1}% 4
\BOOKMARK [3][-]{subsubsection.1.1.3}{boolean}{subsection.1.1}% 5
\BOOKMARK [3][-]{subsubsection.1.1.4}{text}{subsection.1.1}% 6
\BOOKMARK [3][-]{subsubsection.1.1.5}{Convers\343o entre tipos}{subsection.1.1}% 7
\BOOKMARK [3][-]{subsubsection.1.1.6}{Identificadores}{subsection.1.1}% 8
\BOOKMARK [3][-]{subsubsection.1.1.7}{Declara\347\343o e atribui\347\343o}{subsection.1.1}% 9
\BOOKMARK [2][-]{subsection.1.2}{Operadores}{section.1}% 10
\BOOKMARK [3][-]{subsubsection.1.2.1}{+}{subsection.1.2}% 11
\BOOKMARK [3][-]{subsubsection.1.2.2}{-}{subsection.1.2}% 12
\BOOKMARK [3][-]{subsubsection.1.2.3}{*, /}{subsection.1.2}% 13
\BOOKMARK [3][-]{subsubsection.1.2.4}{mod}{subsection.1.2}% 14
\BOOKMARK [3][-]{subsubsection.1.2.5}{>, <, >=, <=, == e not=}{subsection.1.2}% 15
\BOOKMARK [2][-]{subsection.1.3}{Coment\341rios}{section.1}% 16
\BOOKMARK [2][-]{subsection.1.4}{Estruturas de controle}{section.1}% 17
\BOOKMARK [3][-]{subsubsection.1.4.1}{if}{subsection.1.4}% 18
\BOOKMARK [3][-]{subsubsection.1.4.2}{repeat n times}{subsection.1.4}% 19
\BOOKMARK [3][-]{subsubsection.1.4.3}{repeat while}{subsection.1.4}% 20
\BOOKMARK [3][-]{subsubsection.1.4.4}{repeat until}{subsection.1.4}% 21
\BOOKMARK [2][-]{subsection.1.5}{Actions}{section.1}% 22
\BOOKMARK [2][-]{subsection.1.6}{Classes}{section.1}% 23
\BOOKMARK [3][-]{subsubsection.1.6.1}{Heran\347a}{subsection.1.6}% 24
\BOOKMARK [2][-]{subsection.1.7}{Classes gen\351ricas}{section.1}% 25
\BOOKMARK [2][-]{subsection.1.8}{Autoboxing}{section.1}% 26
\BOOKMARK [2][-]{subsection.1.9}{Tratamento de erros}{section.1}% 27
\BOOKMARK [2][-]{subsection.1.10}{Estrutura de um programa}{section.1}% 28
\BOOKMARK [2][-]{subsection.1.11}{BNF completa}{section.1}% 29
